<?xml version="1.0" encoding="UTF-8"?>
<!-- Generated by org.testng.reporters.JUnitReportReporter -->
<testsuite hostname="LAPTOP-HH7IGSDH" failures="0" tests="2" name="com.RestAssuredAutomation_LMSAPI_testCases.TC002_Get_All_Details" time="4.702" errors="0" timestamp="2022-02-22T16:11:59 PST" skipped="0">
  <testcase classname="com.RestAssuredAutomation_LMSAPI_testCases.TC002_Get_All_Details" name="Test_02_valIdRequestURL" time="3.938"/>
  <system-out/>
  <testcase classname="com.RestAssuredAutomation_LMSAPI_testCases.TC002_Get_All_Details" name="Test_03_invalIdRequestURL" time="0.764"/>
  <system-out/>
</testsuite> <!-- com.RestAssuredAutomation_LMSAPI_testCases.TC002_Get_All_Details -->
