<?xml version="1.0" encoding="UTF-8"?>
<!-- Generated by org.testng.reporters.JUnitReportReporter -->
<testsuite hostname="LAPTOP-HH7IGSDH" failures="0" tests="2" name="com.RestAssuredAutomation_LMSAPI_testCases.TC004_POST_Request" time="1.452" errors="0" timestamp="2022-02-22T16:11:59 PST" skipped="0">
  <testcase classname="com.RestAssuredAutomation_LMSAPI_testCases.TC004_POST_Request" name="Test01_PostRequest_ValidData" time="0.771"/>
  <system-out/>
  <testcase classname="com.RestAssuredAutomation_LMSAPI_testCases.TC004_POST_Request" name="Test04_MandatoryParams_Missing" time="0.681"/>
  <system-out/>
</testsuite> <!-- com.RestAssuredAutomation_LMSAPI_testCases.TC004_POST_Request -->
