<?xml version="1.0" encoding="UTF-8"?>
<!-- Generated by org.testng.reporters.JUnitReportReporter -->
<testsuite hostname="LAPTOP-HH7IGSDH" failures="0" tests="3" name="com.RestAssuredAutomation_LMSAPI_testCases.TC006_DELETE_Request" time="2.065" errors="0" timestamp="2022-02-22T16:11:59 PST" skipped="0">
  <testcase classname="com.RestAssuredAutomation_LMSAPI_testCases.TC006_DELETE_Request" name="Test01_DeleteRequest_ExistingProgramID" time="0.668"/>
  <system-out/>
  <testcase classname="com.RestAssuredAutomation_LMSAPI_testCases.TC006_DELETE_Request" name="Test02_DeleteRequest_NonExistingProgramID" time="0.682"/>
  <system-out/>
  <testcase classname="com.RestAssuredAutomation_LMSAPI_testCases.TC006_DELETE_Request" name="Test01_DeleteRequest_ExistingProgramID" time="0.715"/>
  <system-out/>
</testsuite> <!-- com.RestAssuredAutomation_LMSAPI_testCases.TC006_DELETE_Request -->
