<?xml version="1.0" encoding="UTF-8"?>
<!-- Generated by org.testng.reporters.JUnitReportReporter -->
<testsuite hostname="LAPTOP-HH7IGSDH" failures="0" tests="2" name="com.RestAssuredAutomation_JobsAPI_testCases.TC002_Post_Method" time="0.951" errors="0" timestamp="2022-02-22T16:11:59 PST" skipped="0">
  <testcase classname="com.RestAssuredAutomation_JobsAPI_testCases.TC002_Post_Method" name="Test01_Post_validdata" time="0.485"/>
  <system-out/>
  <testcase classname="com.RestAssuredAutomation_JobsAPI_testCases.TC002_Post_Method" name="Test02_Post_with_ExistingID" time="0.466"/>
  <system-out/>
</testsuite> <!-- com.RestAssuredAutomation_JobsAPI_testCases.TC002_Post_Method -->
