<?xml version="1.0" encoding="UTF-8"?>
<!-- Generated by org.testng.reporters.JUnitReportReporter -->
<testsuite hostname="LAPTOP-HH7IGSDH" failures="0" tests="2" name="com.RestAssuredAutomation_JobsAPI_testCases.TC003_PUT_Method" time="0.985" errors="0" timestamp="2022-02-22T16:11:59 PST" skipped="0">
  <testcase classname="com.RestAssuredAutomation_JobsAPI_testCases.TC003_PUT_Method" name="Test01_PUT_ValidData" time="0.493"/>
  <system-out/>
  <testcase classname="com.RestAssuredAutomation_JobsAPI_testCases.TC003_PUT_Method" name="Test02_PUT_NonExistingJobID" time="0.492"/>
  <system-out/>
</testsuite> <!-- com.RestAssuredAutomation_JobsAPI_testCases.TC003_PUT_Method -->
