<?xml version="1.0" encoding="UTF-8"?>
<!-- Generated by org.testng.reporters.JUnitReportReporter -->
<testsuite hostname="LAPTOP-HH7IGSDH" failures="0" tests="2" name="com.RestAssuredAutomation_JobsAPI_testCases.TC004_Delete_Method" time="0.967" errors="0" timestamp="2022-02-22T16:11:59 PST" skipped="0">
  <testcase classname="com.RestAssuredAutomation_JobsAPI_testCases.TC004_Delete_Method" name="Test01_Delete_ExistingJobId" time="0.493"/>
  <system-out/>
  <testcase classname="com.RestAssuredAutomation_JobsAPI_testCases.TC004_Delete_Method" name="Test02_Delete_nonExistingJobId" time="0.474"/>
  <system-out/>
</testsuite> <!-- com.RestAssuredAutomation_JobsAPI_testCases.TC004_Delete_Method -->
