<?xml version="1.0" encoding="UTF-8"?>
<!-- Generated by org.testng.reporters.JUnitReportReporter -->
<testsuite hostname="LAPTOP-HH7IGSDH" failures="0" tests="3" name="com.RestAssuredAutomation_LMSAPI_testCases.TC001_Check_Authentication" time="6.188" errors="0" timestamp="2022-02-22T16:11:59 PST" skipped="0">
  <testcase classname="com.RestAssuredAutomation_LMSAPI_testCases.TC001_Check_Authentication" name="Test01_Valid_Credentials" time="4.547"/>
  <system-out/>
  <testcase classname="com.RestAssuredAutomation_LMSAPI_testCases.TC001_Check_Authentication" name="Test03_NotPassing_Credentials" time="0.952"/>
  <system-out/>
  <testcase classname="com.RestAssuredAutomation_LMSAPI_testCases.TC001_Check_Authentication" name="Test02_Invalid_Credentials" time="0.689"/>
  <system-out/>
</testsuite> <!-- com.RestAssuredAutomation_LMSAPI_testCases.TC001_Check_Authentication -->
