<?xml version="1.0" encoding="UTF-8"?>
<!-- Generated by org.testng.reporters.JUnitReportReporter -->
<testsuite hostname="LAPTOP-HH7IGSDH" failures="0" tests="2" name="com.RestAssuredAutomation_LMSAPI_testCases.TC003_GetDetails_SingleProgramID" time="1.399" errors="0" timestamp="2022-02-22T16:11:59 PST" skipped="0">
  <testcase classname="com.RestAssuredAutomation_LMSAPI_testCases.TC003_GetDetails_SingleProgramID" name="Test02_GetDetails_NonExistingProgramId" time="0.694"/>
  <system-out/>
  <testcase classname="com.RestAssuredAutomation_LMSAPI_testCases.TC003_GetDetails_SingleProgramID" name="Test03_GetDetails_singleProgramId" time="0.705"/>
  <system-out/>
</testsuite> <!-- com.RestAssuredAutomation_LMSAPI_testCases.TC003_GetDetails_SingleProgramID -->
