<?xml version="1.0" encoding="UTF-8"?>
<!-- Generated by org.testng.reporters.JUnitReportReporter -->
<testsuite hostname="LAPTOP-HH7IGSDH" failures="0" tests="2" name="com.RestAssuredAutomation_JobsAPI_testCases.TC001_Get_All_Details" time="1.132" errors="0" timestamp="2022-02-22T16:11:59 PST" skipped="0">
  <testcase classname="com.RestAssuredAutomation_JobsAPI_testCases.TC001_Get_All_Details" name="Test_02_valIdRequestURL" time="0.541"/>
  <system-out/>
  <testcase classname="com.RestAssuredAutomation_JobsAPI_testCases.TC001_Get_All_Details" name="Test_03_invalIdRequestURL" time="0.591"/>
  <system-out/>
</testsuite> <!-- com.RestAssuredAutomation_JobsAPI_testCases.TC001_Get_All_Details -->
